/root/ros2_ws/install/docking_pkg/lib/python3.10/site-packages/docking_pkg/waypoint_mission.py
/root/ros2_ws/install/docking_pkg/lib/python3.10/site-packages/docking_pkg/battery_node.py
/root/ros2_ws/install/docking_pkg/lib/python3.10/site-packages/docking_pkg/__init__.py
/root/ros2_ws/install/docking_pkg/lib/python3.10/site-packages/docking_pkg/mission_manager.py
/root/ros2_ws/install/docking_pkg/lib/python3.10/site-packages/docking_pkg/__pycache__/waypoint_mission.cpython-310.pyc
/root/ros2_ws/install/docking_pkg/lib/python3.10/site-packages/docking_pkg/__pycache__/battery_node.cpython-310.pyc
/root/ros2_ws/install/docking_pkg/lib/python3.10/site-packages/docking_pkg/__pycache__/__init__.cpython-310.pyc
/root/ros2_ws/install/docking_pkg/lib/python3.10/site-packages/docking_pkg/__pycache__/mission_manager.cpython-310.pyc
/root/ros2_ws/install/docking_pkg/share/ament_index/resource_index/packages/docking_pkg
/root/ros2_ws/install/docking_pkg/share/docking_pkg/package.xml
/root/ros2_ws/install/docking_pkg/lib/python3.10/site-packages/docking_pkg-0.0.0-py3.10.egg-info/PKG-INFO
/root/ros2_ws/install/docking_pkg/lib/python3.10/site-packages/docking_pkg-0.0.0-py3.10.egg-info/SOURCES.txt
/root/ros2_ws/install/docking_pkg/lib/python3.10/site-packages/docking_pkg-0.0.0-py3.10.egg-info/dependency_links.txt
/root/ros2_ws/install/docking_pkg/lib/python3.10/site-packages/docking_pkg-0.0.0-py3.10.egg-info/requires.txt
/root/ros2_ws/install/docking_pkg/lib/python3.10/site-packages/docking_pkg-0.0.0-py3.10.egg-info/top_level.txt
/root/ros2_ws/install/docking_pkg/lib/python3.10/site-packages/docking_pkg-0.0.0-py3.10.egg-info/entry_points.txt
/root/ros2_ws/install/docking_pkg/lib/python3.10/site-packages/docking_pkg-0.0.0-py3.10.egg-info/zip-safe
/root/ros2_ws/install/docking_pkg/lib/docking_pkg/battery_node
/root/ros2_ws/install/docking_pkg/lib/docking_pkg/mission_manager
/root/ros2_ws/install/docking_pkg/lib/docking_pkg/waypoint_mission
