[1.268s] Invoking command in '/root/ros2_ws/src/docking_pkg': PYTHONPATH=/root/ros2_ws/build/docking_pkg/prefix_override:/usr/lib/python3/dist-packages/colcon_core/task/python/colcon_distutils_commands:/root/ros2_ws/install/docking_pkg/lib/python3.10/site-packages:${PYTHONPATH} /usr/bin/python3 -W ignore:setup.py install is deprecated -W ignore:easy_install command is deprecated setup.py egg_info --egg-base ../../build/docking_pkg build --build-base /root/ros2_ws/build/docking_pkg/build install --record /root/ros2_ws/build/docking_pkg/install.log --single-version-externally-managed install_data
[1.549s] running egg_info
[1.549s] writing ../../build/docking_pkg/docking_pkg.egg-info/PKG-INFO
[1.552s] writing dependency_links to ../../build/docking_pkg/docking_pkg.egg-info/dependency_links.txt
[1.553s] writing entry points to ../../build/docking_pkg/docking_pkg.egg-info/entry_points.txt
[1.553s] writing requirements to ../../build/docking_pkg/docking_pkg.egg-info/requires.txt
[1.553s] writing top-level names to ../../build/docking_pkg/docking_pkg.egg-info/top_level.txt
[1.555s] reading manifest file '../../build/docking_pkg/docking_pkg.egg-info/SOURCES.txt'
[1.556s] writing manifest file '../../build/docking_pkg/docking_pkg.egg-info/SOURCES.txt'
[1.556s] running build
[1.556s] running build_py
[1.557s] running install
[1.559s] running install_lib
[1.560s] running install_data
[1.560s] running install_egg_info
[1.563s] removing '/root/ros2_ws/install/docking_pkg/lib/python3.10/site-packages/docking_pkg-0.0.0-py3.10.egg-info' (and everything under it)
[1.564s] Copying ../../build/docking_pkg/docking_pkg.egg-info to /root/ros2_ws/install/docking_pkg/lib/python3.10/site-packages/docking_pkg-0.0.0-py3.10.egg-info
[1.565s] running install_scripts
[1.612s] Installing waypoint_mission script to /root/ros2_ws/install/docking_pkg/lib/docking_pkg
[1.614s] writing list of installed files to '/root/ros2_ws/build/docking_pkg/install.log'
[1.651s] Invoked command in '/root/ros2_ws/src/docking_pkg' returned '0': PYTHONPATH=/root/ros2_ws/build/docking_pkg/prefix_override:/usr/lib/python3/dist-packages/colcon_core/task/python/colcon_distutils_commands:/root/ros2_ws/install/docking_pkg/lib/python3.10/site-packages:${PYTHONPATH} /usr/bin/python3 -W ignore:setup.py install is deprecated -W ignore:easy_install command is deprecated setup.py egg_info --egg-base ../../build/docking_pkg build --build-base /root/ros2_ws/build/docking_pkg/build install --record /root/ros2_ws/build/docking_pkg/install.log --single-version-externally-managed install_data
