[0.591s] Invoking command in '/root/ros2_ws/src/docking_pkg': PYTHONPATH=/root/ros2_ws/build/docking_pkg/prefix_override:/usr/lib/python3/dist-packages/colcon_core/task/python/colcon_distutils_commands:/root/ros2_ws/install/docking_pkg/lib/python3.10/site-packages:${PYTHONPATH} /usr/bin/python3 -W ignore:setup.py install is deprecated -W ignore:easy_install command is deprecated setup.py egg_info --egg-base ../../build/docking_pkg build --build-base /root/ros2_ws/build/docking_pkg/build install --record /root/ros2_ws/build/docking_pkg/install.log --single-version-externally-managed install_data
[0.827s] running egg_info
[0.827s] writing ../../build/docking_pkg/docking_pkg.egg-info/PKG-INFO
[0.827s] writing dependency_links to ../../build/docking_pkg/docking_pkg.egg-info/dependency_links.txt
[0.827s] writing entry points to ../../build/docking_pkg/docking_pkg.egg-info/entry_points.txt
[0.828s] writing requirements to ../../build/docking_pkg/docking_pkg.egg-info/requires.txt
[0.828s] writing top-level names to ../../build/docking_pkg/docking_pkg.egg-info/top_level.txt
[0.830s] reading manifest file '../../build/docking_pkg/docking_pkg.egg-info/SOURCES.txt'
[0.831s] writing manifest file '../../build/docking_pkg/docking_pkg.egg-info/SOURCES.txt'
[0.831s] running build
[0.831s] running build_py
[0.832s] running install
[0.832s] running install_lib
[0.833s] running install_data
[0.833s] running install_egg_info
[0.836s] removing '/root/ros2_ws/install/docking_pkg/lib/python3.10/site-packages/docking_pkg-0.0.0-py3.10.egg-info' (and everything under it)
[0.836s] Copying ../../build/docking_pkg/docking_pkg.egg-info to /root/ros2_ws/install/docking_pkg/lib/python3.10/site-packages/docking_pkg-0.0.0-py3.10.egg-info
[0.837s] running install_scripts
[0.869s] Installing battery_node script to /root/ros2_ws/install/docking_pkg/lib/docking_pkg
[0.870s] Installing mission_manager script to /root/ros2_ws/install/docking_pkg/lib/docking_pkg
[0.870s] Installing waypoint_mission script to /root/ros2_ws/install/docking_pkg/lib/docking_pkg
[0.870s] writing list of installed files to '/root/ros2_ws/build/docking_pkg/install.log'
[0.904s] Invoked command in '/root/ros2_ws/src/docking_pkg' returned '0': PYTHONPATH=/root/ros2_ws/build/docking_pkg/prefix_override:/usr/lib/python3/dist-packages/colcon_core/task/python/colcon_distutils_commands:/root/ros2_ws/install/docking_pkg/lib/python3.10/site-packages:${PYTHONPATH} /usr/bin/python3 -W ignore:setup.py install is deprecated -W ignore:easy_install command is deprecated setup.py egg_info --egg-base ../../build/docking_pkg build --build-base /root/ros2_ws/build/docking_pkg/build install --record /root/ros2_ws/build/docking_pkg/install.log --single-version-externally-managed install_data
