running egg_info
writing ../../build/docking_pkg/docking_pkg.egg-info/PKG-INFO
writing dependency_links to ../../build/docking_pkg/docking_pkg.egg-info/dependency_links.txt
writing entry points to ../../build/docking_pkg/docking_pkg.egg-info/entry_points.txt
writing requirements to ../../build/docking_pkg/docking_pkg.egg-info/requires.txt
writing top-level names to ../../build/docking_pkg/docking_pkg.egg-info/top_level.txt
reading manifest file '../../build/docking_pkg/docking_pkg.egg-info/SOURCES.txt'
writing manifest file '../../build/docking_pkg/docking_pkg.egg-info/SOURCES.txt'
running build
running build_py
copying docking_pkg/waypoint_mission.py -> /root/ros2_ws/build/docking_pkg/build/lib/docking_pkg
running install
running install_lib
copying /root/ros2_ws/build/docking_pkg/build/lib/docking_pkg/waypoint_mission.py -> /root/ros2_ws/install/docking_pkg/lib/python3.10/site-packages/docking_pkg
byte-compiling /root/ros2_ws/install/docking_pkg/lib/python3.10/site-packages/docking_pkg/waypoint_mission.py to waypoint_mission.cpython-310.pyc
running install_data
running install_egg_info
removing '/root/ros2_ws/install/docking_pkg/lib/python3.10/site-packages/docking_pkg-0.0.0-py3.10.egg-info' (and everything under it)
Copying ../../build/docking_pkg/docking_pkg.egg-info to /root/ros2_ws/install/docking_pkg/lib/python3.10/site-packages/docking_pkg-0.0.0-py3.10.egg-info
running install_scripts
Installing waypoint_mission script to /root/ros2_ws/install/docking_pkg/lib/docking_pkg
writing list of installed files to '/root/ros2_ws/build/docking_pkg/install.log'
